# JRE version: Java(TM) SE Runtime Environment (8.0_77-b03) (build 1.8.0_77-b03)
# Java VM: Java HotSpot(TM) 64-Bit Server VM (25.77-b03 mixed mode windows-amd64 compressed oops)
Heap:
 PSYoungGen      total 114688K, used 26667K [0x00000000f5580000, 0x00000000fef80000, 0x0000000100000000)
  eden space 100352K, 26% used [0x00000000f5580000,0x00000000f6f8ae28,0x00000000fb780000)
  from space 14336K, 0% used [0x00000000fce00000,0x00000000fce00000,0x00000000fdc00000)
  to   space 23040K, 0% used [0x00000000fb780000,0x00000000fb780000,0x00000000fce00000)
 ParOldGen       total 97280K, used 41962K [0x00000000e0000000, 0x00000000e5f00000, 0x00000000f5580000)
  object space 97280K, 43% used [0x00000000e0000000,0x00000000e28fa818,0x00000000e5f00000)
 Metaspace       used 72948K, capacity 75491K, committed 75520K, reserved 1112064K
  class space    used 12529K, capacity 12780K, committed 12800K, reserved 1048576K
GC Heap History (10 events):
Event: 5.983 GC heap before
{Heap before GC invocations=13 (full 4):
 PSYoungGen      total 101376K, used 96K [0x00000000f5580000, 0x00000000fc380000, 0x0000000100000000)
  eden space 92160K, 0% used [0x00000000f5580000,0x00000000f5580000,0x00000000faf80000)
  from space 9216K, 1% used [0x00000000faf80000,0x00000000faf98000,0x00000000fb880000)
  to   space 10240K, 0% used [0x00000000fb980000,0x00000000fb980000,0x00000000fc380000)
 ParOldGen       total 97280K, used 13532K [0x00000000e0000000, 0x00000000e5f00000, 0x00000000f5580000)
  object space 97280K, 13% used [0x00000000e0000000,0x00000000e0d372c8,0x00000000e5f00000)
 Metaspace       used 43430K, capacity 43670K, committed 44032K, reserved 1085440K
  class space    used 8313K, capacity 8368K, committed 8448K, reserved 1048576K
Event: 6.080 GC heap after
Heap after GC invocations=13 (full 4):
 PSYoungGen      total 101376K, used 0K [0x00000000f5580000, 0x00000000fc380000, 0x0000000100000000)
  eden space 92160K, 0% used [0x00000000f5580000,0x00000000f5580000,0x00000000faf80000)
  from space 9216K, 0% used [0x00000000faf80000,0x00000000faf80000,0x00000000fb880000)
  to   space 10240K, 0% used [0x00000000fb980000,0x00000000fb980000,0x00000000fc380000)
 ParOldGen       total 97280K, used 11407K [0x00000000e0000000, 0x00000000e5f00000, 0x00000000f5580000)
  object space 97280K, 11% used [0x00000000e0000000,0x00000000e0b23e20,0x00000000e5f00000)
 Metaspace       used 43430K, capacity 43670K, committed 44032K, reserved 1085440K
  class space    used 8313K, capacity 8368K, committed 8448K, reserved 1048576K
}
Event: 7.084 GC heap before
{Heap before GC invocations=14 (full 4):
 PSYoungGen      total 101376K, used 92160K [0x00000000f5580000, 0x00000000fc380000, 0x0000000100000000)
  eden space 92160K, 100% used [0x00000000f5580000,0x00000000faf80000,0x00000000faf80000)
  from space 9216K, 0% used [0x00000000faf80000,0x00000000faf80000,0x00000000fb880000)
  to   space 10240K, 0% used [0x00000000fb980000,0x00000000fb980000,0x00000000fc380000)
 ParOldGen       total 97280K, used 11407K [0x00000000e0000000, 0x00000000e5f00000, 0x00000000f5580000)
  object space 97280K, 11% used [0x00000000e0000000,0x00000000e0b23e20,0x00000000e5f00000)
 Metaspace       used 44808K, capacity 45312K, committed 45440K, reserved 1085440K
  class space    used 8608K, capacity 8746K, committed 8832K, reserved 1048576K
Event: 7.090 GC heap after
Heap after GC invocations=14 (full 4):
 PSYoungGen      total 102912K, used 4970K [0x00000000f5580000, 0x00000000fde00000, 0x0000000100000000)
  eden space 92672K, 0% used [0x00000000f5580000,0x00000000f5580000,0x00000000fb000000)
  from space 10240K, 48% used [0x00000000fb980000,0x00000000fbe5a9f0,0x00000000fc380000)
  to   space 9728K, 0% used [0x00000000fb000000,0x00000000fb000000,0x00000000fb980000)
 ParOldGen       total 97280K, used 11415K [0x00000000e0000000, 0x00000000e5f00000, 0x00000000f5580000)
  object space 97280K, 11% used [0x00000000e0000000,0x00000000e0b25e20,0x00000000e5f00000)
 Metaspace       used 44808K, capacity 45312K, committed 45440K, reserved 1085440K
  class space    used 8608K, capacity 8746K, committed 8832K, reserved 1048576K
}
Event: 10.380 GC heap before
{Heap before GC invocations=15 (full 4):
 PSYoungGen      total 102912K, used 97642K [0x00000000f5580000, 0x00000000fde00000, 0x0000000100000000)
  eden space 92672K, 100% used [0x00000000f5580000,0x00000000fb000000,0x00000000fb000000)
  from space 10240K, 48% used [0x00000000fb980000,0x00000000fbe5a9f0,0x00000000fc380000)
  to   space 9728K, 0% used [0x00000000fb000000,0x00000000fb000000,0x00000000fb980000)
 ParOldGen       total 97280K, used 11415K [0x00000000e0000000, 0x00000000e5f00000, 0x00000000f5580000)
  object space 97280K, 11% used [0x00000000e0000000,0x00000000e0b25e20,0x00000000e5f00000)
 Metaspace       used 62115K, capacity 63272K, committed 63360K, reserved 1101824K
  class space    used 11377K, capacity 11601K, committed 11648K, reserved 1048576K
Event: 10.405 GC heap after
Heap after GC invocations=15 (full 4):
 PSYoungGen      total 102400K, used 9699K [0x00000000f5580000, 0x00000000fdc00000, 0x0000000100000000)
  eden space 92672K, 0% used [0x00000000f5580000,0x00000000f5580000,0x00000000fb000000)
  from space 9728K, 99% used [0x00000000fb000000,0x00000000fb978d98,0x00000000fb980000)
  to   space 14336K, 0% used [0x00000000fce00000,0x00000000fce00000,0x00000000fdc00000)
 ParOldGen       total 97280K, used 21228K [0x00000000e0000000, 0x00000000e5f00000, 0x00000000f5580000)
  object space 97280K, 21% used [0x00000000e0000000,0x00000000e14bb190,0x00000000e5f00000)
 Metaspace       used 62115K, capacity 63272K, committed 63360K, reserved 1101824K
  class space    used 11377K, capacity 11601K, committed 11648K, reserved 1048576K
}
Event: 12.096 GC heap before
{Heap before GC invocations=16 (full 4):
 PSYoungGen      total 102400K, used 75145K [0x00000000f5580000, 0x00000000fdc00000, 0x0000000100000000)
  eden space 92672K, 70% used [0x00000000f5580000,0x00000000f95699c8,0x00000000fb000000)
  from space 9728K, 99% used [0x00000000fb000000,0x00000000fb978d98,0x00000000fb980000)
  to   space 14336K, 0% used [0x00000000fce00000,0x00000000fce00000,0x00000000fdc00000)
 ParOldGen       total 97280K, used 21228K [0x00000000e0000000, 0x00000000e5f00000, 0x00000000f5580000)
  object space 97280K, 21% used [0x00000000e0000000,0x00000000e14bb190,0x00000000e5f00000)
 Metaspace       used 71409K, capacity 73339K, committed 73388K, reserved 1110016K
  class space    used 12275K, capacity 12540K, committed 12544K, reserved 1048576K
Event: 12.124 GC heap after
Heap after GC invocations=16 (full 4):
 PSYoungGen      total 114688K, used 14329K [0x00000000f5580000, 0x00000000fef80000, 0x0000000100000000)
  eden space 100352K, 0% used [0x00000000f5580000,0x00000000f5580000,0x00000000fb780000)
  from space 14336K, 99% used [0x00000000fce00000,0x00000000fdbfe6a8,0x00000000fdc00000)
  to   space 23040K, 0% used [0x00000000fb780000,0x00000000fb780000,0x00000000fce00000)
 ParOldGen       total 97280K, used 39653K [0x00000000e0000000, 0x00000000e5f00000, 0x00000000f5580000)
  object space 97280K, 40% used [0x00000000e0000000,0x00000000e26b9778,0x00000000e5f00000)
 Metaspace       used 71409K, capacity 73339K, committed 73388K, reserved 1110016K
  class space    used 12275K, capacity 12540K, committed 12544K, reserved 1048576K
}
Event: 12.124 GC heap before
{Heap before GC invocations=17 (full 5):
 PSYoungGen      total 114688K, used 14329K [0x00000000f5580000, 0x00000000fef80000, 0x0000000100000000)
  eden space 100352K, 0% used [0x00000000f5580000,0x00000000f5580000,0x00000000fb780000)
  from space 14336K, 99% used [0x00000000fce00000,0x00000000fdbfe6a8,0x00000000fdc00000)
  to   space 23040K, 0% used [0x00000000fb780000,0x00000000fb780000,0x00000000fce00000)
 ParOldGen       total 97280K, used 39653K [0x00000000e0000000, 0x00000000e5f00000, 0x00000000f5580000)
  object space 97280K, 40% used [0x00000000e0000000,0x00000000e26b9778,0x00000000e5f00000)
 Metaspace       used 71409K, capacity 73339K, committed 73388K, reserved 1110016K
  class space    used 12275K, capacity 12540K, committed 12544K, reserved 1048576K
Event: 12.300 GC heap after
Heap after GC invocations=17 (full 5):
 PSYoungGen      total 114688K, used 0K [0x00000000f5580000, 0x00000000fef80000, 0x0000000100000000)
  eden space 100352K, 0% used [0x00000000f5580000,0x00000000f5580000,0x00000000fb780000)
  from space 14336K, 0% used [0x00000000fce00000,0x00000000fce00000,0x00000000fdc00000)
  to   space 23040K, 0% used [0x00000000fb780000,0x00000000fb780000,0x00000000fce00000)
 ParOldGen       total 97280K, used 41962K [0x00000000e0000000, 0x00000000e5f00000, 0x00000000f5580000)
  object space 97280K, 43% used [0x00000000e0000000,0x00000000e28fa818,0x00000000e5f00000)
 Metaspace       used 71023K, capacity 72865K, committed 73388K, reserved 1110016K
  class space    used 12159K, capacity 12402K, committed 12544K, reserved 1048576K
}

