# JRE version: Java(TM) SE Runtime Environment (8.0_77-b03) (build 1.8.0_77-b03)
# Java VM: Java HotSpot(TM) 64-Bit Server VM (25.77-b03 mixed mode windows-amd64 compressed oops)
Heap:
 PSYoungGen      total 129024K, used 91671K [0x00000000f5580000, 0x00000000ff980000, 0x0000000100000000)
  eden space 112640K, 81% used [0x00000000f5580000,0x00000000faf05ff0,0x00000000fc380000)
  from space 16384K, 0% used [0x00000000fda00000,0x00000000fda00000,0x00000000fea00000)
  to   space 23040K, 0% used [0x00000000fc380000,0x00000000fc380000,0x00000000fda00000)
 ParOldGen       total 94208K, used 41934K [0x00000000e0000000, 0x00000000e5c00000, 0x00000000f5580000)
  object space 94208K, 44% used [0x00000000e0000000,0x00000000e28f3898,0x00000000e5c00000)
 Metaspace       used 76000K, capacity 79137K, committed 79360K, reserved 1116160K
  class space    used 13017K, capacity 13280K, committed 13312K, reserved 1048576K
GC Heap History (10 events):
Event: 5.591 GC heap before
{Heap before GC invocations=13 (full 4):
 PSYoungGen      total 107520K, used 96K [0x00000000f5580000, 0x00000000fc980000, 0x0000000100000000)
  eden space 98304K, 0% used [0x00000000f5580000,0x00000000f5580000,0x00000000fb580000)
  from space 9216K, 1% used [0x00000000fb580000,0x00000000fb598000,0x00000000fbe80000)
  to   space 10240K, 0% used [0x00000000fbf80000,0x00000000fbf80000,0x00000000fc980000)
 ParOldGen       total 94208K, used 13343K [0x00000000e0000000, 0x00000000e5c00000, 0x00000000f5580000)
  object space 94208K, 14% used [0x00000000e0000000,0x00000000e0d07c48,0x00000000e5c00000)
 Metaspace       used 43422K, capacity 43670K, committed 44032K, reserved 1085440K
  class space    used 8310K, capacity 8368K, committed 8448K, reserved 1048576K
Event: 5.682 GC heap after
Heap after GC invocations=13 (full 4):
 PSYoungGen      total 107520K, used 0K [0x00000000f5580000, 0x00000000fc980000, 0x0000000100000000)
  eden space 98304K, 0% used [0x00000000f5580000,0x00000000f5580000,0x00000000fb580000)
  from space 9216K, 0% used [0x00000000fb580000,0x00000000fb580000,0x00000000fbe80000)
  to   space 10240K, 0% used [0x00000000fbf80000,0x00000000fbf80000,0x00000000fc980000)
 ParOldGen       total 94208K, used 11409K [0x00000000e0000000, 0x00000000e5c00000, 0x00000000f5580000)
  object space 94208K, 12% used [0x00000000e0000000,0x00000000e0b24778,0x00000000e5c00000)
 Metaspace       used 43422K, capacity 43670K, committed 44032K, reserved 1085440K
  class space    used 8310K, capacity 8368K, committed 8448K, reserved 1048576K
}
Event: 6.770 GC heap before
{Heap before GC invocations=14 (full 4):
 PSYoungGen      total 107520K, used 98304K [0x00000000f5580000, 0x00000000fc980000, 0x0000000100000000)
  eden space 98304K, 100% used [0x00000000f5580000,0x00000000fb580000,0x00000000fb580000)
  from space 9216K, 0% used [0x00000000fb580000,0x00000000fb580000,0x00000000fbe80000)
  to   space 10240K, 0% used [0x00000000fbf80000,0x00000000fbf80000,0x00000000fc980000)
 ParOldGen       total 94208K, used 11409K [0x00000000e0000000, 0x00000000e5c00000, 0x00000000f5580000)
  object space 94208K, 12% used [0x00000000e0000000,0x00000000e0b24778,0x00000000e5c00000)
 Metaspace       used 44823K, capacity 45312K, committed 45440K, reserved 1085440K
  class space    used 8605K, capacity 8746K, committed 8832K, reserved 1048576K
Event: 6.775 GC heap after
Heap after GC invocations=14 (full 4):
 PSYoungGen      total 109056K, used 5194K [0x00000000f5580000, 0x00000000fe900000, 0x0000000100000000)
  eden space 98816K, 0% used [0x00000000f5580000,0x00000000f5580000,0x00000000fb600000)
  from space 10240K, 50% used [0x00000000fbf80000,0x00000000fc4929f0,0x00000000fc980000)
  to   space 9728K, 0% used [0x00000000fb600000,0x00000000fb600000,0x00000000fbf80000)
 ParOldGen       total 94208K, used 11417K [0x00000000e0000000, 0x00000000e5c00000, 0x00000000f5580000)
  object space 94208K, 12% used [0x00000000e0000000,0x00000000e0b26778,0x00000000e5c00000)
 Metaspace       used 44823K, capacity 45312K, committed 45440K, reserved 1085440K
  class space    used 8605K, capacity 8746K, committed 8832K, reserved 1048576K
}
Event: 8.679 GC heap before
{Heap before GC invocations=15 (full 4):
 PSYoungGen      total 109056K, used 104010K [0x00000000f5580000, 0x00000000fe900000, 0x0000000100000000)
  eden space 98816K, 100% used [0x00000000f5580000,0x00000000fb600000,0x00000000fb600000)
  from space 10240K, 50% used [0x00000000fbf80000,0x00000000fc4929f0,0x00000000fc980000)
  to   space 9728K, 0% used [0x00000000fb600000,0x00000000fb600000,0x00000000fbf80000)
 ParOldGen       total 94208K, used 11417K [0x00000000e0000000, 0x00000000e5c00000, 0x00000000f5580000)
  object space 94208K, 12% used [0x00000000e0000000,0x00000000e0b26778,0x00000000e5c00000)
 Metaspace       used 62110K, capacity 63272K, committed 63360K, reserved 1101824K
  class space    used 11373K, capacity 11601K, committed 11648K, reserved 1048576K
Event: 8.698 GC heap after
Heap after GC invocations=15 (full 4):
 PSYoungGen      total 108544K, used 9721K [0x00000000f5580000, 0x00000000fea00000, 0x0000000100000000)
  eden space 98816K, 0% used [0x00000000f5580000,0x00000000f5580000,0x00000000fb600000)
  from space 9728K, 99% used [0x00000000fb600000,0x00000000fbf7e6e8,0x00000000fbf80000)
  to   space 16384K, 0% used [0x00000000fda00000,0x00000000fda00000,0x00000000fea00000)
 ParOldGen       total 94208K, used 26079K [0x00000000e0000000, 0x00000000e5c00000, 0x00000000f5580000)
  object space 94208K, 27% used [0x00000000e0000000,0x00000000e1977e38,0x00000000e5c00000)
 Metaspace       used 62110K, capacity 63272K, committed 63360K, reserved 1101824K
  class space    used 11373K, capacity 11601K, committed 11648K, reserved 1048576K
}
Event: 9.895 GC heap before
{Heap before GC invocations=16 (full 4):
 PSYoungGen      total 108544K, used 66271K [0x00000000f5580000, 0x00000000fea00000, 0x0000000100000000)
  eden space 98816K, 57% used [0x00000000f5580000,0x00000000f8cb9560,0x00000000fb600000)
  from space 9728K, 99% used [0x00000000fb600000,0x00000000fbf7e6e8,0x00000000fbf80000)
  to   space 16384K, 0% used [0x00000000fda00000,0x00000000fda00000,0x00000000fea00000)
 ParOldGen       total 94208K, used 26079K [0x00000000e0000000, 0x00000000e5c00000, 0x00000000f5580000)
  object space 94208K, 27% used [0x00000000e0000000,0x00000000e1977e38,0x00000000e5c00000)
 Metaspace       used 71394K, capacity 73377K, committed 73388K, reserved 1110016K
  class space    used 12264K, capacity 12535K, committed 12544K, reserved 1048576K
Event: 9.916 GC heap after
Heap after GC invocations=16 (full 4):
 PSYoungGen      total 129024K, used 16377K [0x00000000f5580000, 0x00000000ff980000, 0x0000000100000000)
  eden space 112640K, 0% used [0x00000000f5580000,0x00000000f5580000,0x00000000fc380000)
  from space 16384K, 99% used [0x00000000fda00000,0x00000000fe9fe6a8,0x00000000fea00000)
  to   space 23040K, 0% used [0x00000000fc380000,0x00000000fc380000,0x00000000fda00000)
 ParOldGen       total 94208K, used 38024K [0x00000000e0000000, 0x00000000e5c00000, 0x00000000f5580000)
  object space 94208K, 40% used [0x00000000e0000000,0x00000000e2522220,0x00000000e5c00000)
 Metaspace       used 71394K, capacity 73377K, committed 73388K, reserved 1110016K
  class space    used 12264K, capacity 12535K, committed 12544K, reserved 1048576K
}
Event: 9.916 GC heap before
{Heap before GC invocations=17 (full 5):
 PSYoungGen      total 129024K, used 16377K [0x00000000f5580000, 0x00000000ff980000, 0x0000000100000000)
  eden space 112640K, 0% used [0x00000000f5580000,0x00000000f5580000,0x00000000fc380000)
  from space 16384K, 99% used [0x00000000fda00000,0x00000000fe9fe6a8,0x00000000fea00000)
  to   space 23040K, 0% used [0x00000000fc380000,0x00000000fc380000,0x00000000fda00000)
 ParOldGen       total 94208K, used 38024K [0x00000000e0000000, 0x00000000e5c00000, 0x00000000f5580000)
  object space 94208K, 40% used [0x00000000e0000000,0x00000000e2522220,0x00000000e5c00000)
 Metaspace       used 71394K, capacity 73377K, committed 73388K, reserved 1110016K
  class space    used 12264K, capacity 12535K, committed 12544K, reserved 1048576K
Event: 10.080 GC heap after
Heap after GC invocations=17 (full 5):
 PSYoungGen      total 129024K, used 0K [0x00000000f5580000, 0x00000000ff980000, 0x0000000100000000)
  eden space 112640K, 0% used [0x00000000f5580000,0x00000000f5580000,0x00000000fc380000)
  from space 16384K, 0% used [0x00000000fda00000,0x00000000fda00000,0x00000000fea00000)
  to   space 23040K, 0% used [0x00000000fc380000,0x00000000fc380000,0x00000000fda00000)
 ParOldGen       total 94208K, used 41934K [0x00000000e0000000, 0x00000000e5c00000, 0x00000000f5580000)
  object space 94208K, 44% used [0x00000000e0000000,0x00000000e28f3898,0x00000000e5c00000)
 Metaspace       used 71008K, capacity 72903K, committed 73388K, reserved 1110016K
  class space    used 12148K, capacity 12397K, committed 12544K, reserved 1048576K
}

