# JRE version: Java(TM) SE Runtime Environment (8.0_77-b03) (build 1.8.0_77-b03)
# Java VM: Java HotSpot(TM) 64-Bit Server VM (25.77-b03 mixed mode windows-amd64 compressed oops)
Heap:
 PSYoungGen      total 126464K, used 30917K [0x00000000f5580000, 0x0000000100000000, 0x0000000100000000)
  eden space 100864K, 30% used [0x00000000f5580000,0x00000000f73b1440,0x00000000fb800000)
  from space 25600K, 0% used [0x00000000fb800000,0x00000000fb800000,0x00000000fd100000)
  to   space 25088K, 0% used [0x00000000fe780000,0x00000000fe780000,0x0000000100000000)
 ParOldGen       total 97280K, used 42456K [0x00000000e0000000, 0x00000000e5f00000, 0x00000000f5580000)
  object space 97280K, 43% used [0x00000000e0000000,0x00000000e29763d0,0x00000000e5f00000)
 Metaspace       used 73518K, capacity 75823K, committed 76032K, reserved 1112064K
  class space    used 12676K, capacity 12951K, committed 13056K, reserved 1048576K
GC Heap History (10 events):
Event: 6.248 GC heap before
{Heap before GC invocations=14 (full 4):
 PSYoungGen      total 104448K, used 95232K [0x00000000f5580000, 0x00000000fc680000, 0x0000000100000000)
  eden space 95232K, 100% used [0x00000000f5580000,0x00000000fb280000,0x00000000fb280000)
  from space 9216K, 0% used [0x00000000fb280000,0x00000000fb280000,0x00000000fbb80000)
  to   space 10240K, 0% used [0x00000000fbc80000,0x00000000fbc80000,0x00000000fc680000)
 ParOldGen       total 97280K, used 11409K [0x00000000e0000000, 0x00000000e5f00000, 0x00000000f5580000)
  object space 97280K, 11% used [0x00000000e0000000,0x00000000e0b24500,0x00000000e5f00000)
 Metaspace       used 44824K, capacity 45312K, committed 45440K, reserved 1085440K
  class space    used 8608K, capacity 8746K, committed 8832K, reserved 1048576K
Event: 6.253 GC heap after
Heap after GC invocations=14 (full 4):
 PSYoungGen      total 105984K, used 5226K [0x00000000f5580000, 0x00000000fe080000, 0x0000000100000000)
  eden space 95744K, 0% used [0x00000000f5580000,0x00000000f5580000,0x00000000fb300000)
  from space 10240K, 51% used [0x00000000fbc80000,0x00000000fc19a9f0,0x00000000fc680000)
  to   space 9728K, 0% used [0x00000000fb300000,0x00000000fb300000,0x00000000fbc80000)
 ParOldGen       total 97280K, used 11417K [0x00000000e0000000, 0x00000000e5f00000, 0x00000000f5580000)
  object space 97280K, 11% used [0x00000000e0000000,0x00000000e0b26500,0x00000000e5f00000)
 Metaspace       used 44824K, capacity 45312K, committed 45440K, reserved 1085440K
  class space    used 8608K, capacity 8746K, committed 8832K, reserved 1048576K
}
Event: 7.287 GC heap before
{Heap before GC invocations=15 (full 4):
 PSYoungGen      total 105984K, used 100970K [0x00000000f5580000, 0x00000000fe080000, 0x0000000100000000)
  eden space 95744K, 100% used [0x00000000f5580000,0x00000000fb300000,0x00000000fb300000)
  from space 10240K, 51% used [0x00000000fbc80000,0x00000000fc19a9f0,0x00000000fc680000)
  to   space 9728K, 0% used [0x00000000fb300000,0x00000000fb300000,0x00000000fbc80000)
 ParOldGen       total 97280K, used 11417K [0x00000000e0000000, 0x00000000e5f00000, 0x00000000f5580000)
  object space 97280K, 11% used [0x00000000e0000000,0x00000000e0b26500,0x00000000e5f00000)
 Metaspace       used 51829K, capacity 52582K, committed 52736K, reserved 1091584K
  class space    used 9669K, capacity 9882K, committed 9984K, reserved 1048576K
Event: 7.299 GC heap after
Heap after GC invocations=15 (full 4):
 PSYoungGen      total 105472K, used 9721K [0x00000000f5580000, 0x00000000fde00000, 0x0000000100000000)
  eden space 95744K, 0% used [0x00000000f5580000,0x00000000f5580000,0x00000000fb300000)
  from space 9728K, 99% used [0x00000000fb300000,0x00000000fbc7e688,0x00000000fbc80000)
  to   space 13312K, 0% used [0x00000000fd100000,0x00000000fd100000,0x00000000fde00000)
 ParOldGen       total 97280K, used 18093K [0x00000000e0000000, 0x00000000e5f00000, 0x00000000f5580000)
  object space 97280K, 18% used [0x00000000e0000000,0x00000000e11ab4f0,0x00000000e5f00000)
 Metaspace       used 51829K, capacity 52582K, committed 52736K, reserved 1091584K
  class space    used 9669K, capacity 9882K, committed 9984K, reserved 1048576K
}
Event: 10.135 GC heap before
{Heap before GC invocations=16 (full 4):
 PSYoungGen      total 105472K, used 105465K [0x00000000f5580000, 0x00000000fde00000, 0x0000000100000000)
  eden space 95744K, 100% used [0x00000000f5580000,0x00000000fb300000,0x00000000fb300000)
  from space 9728K, 99% used [0x00000000fb300000,0x00000000fbc7e688,0x00000000fbc80000)
  to   space 13312K, 0% used [0x00000000fd100000,0x00000000fd100000,0x00000000fde00000)
 ParOldGen       total 97280K, used 18093K [0x00000000e0000000, 0x00000000e5f00000, 0x00000000f5580000)
  object space 97280K, 18% used [0x00000000e0000000,0x00000000e11ab4f0,0x00000000e5f00000)
 Metaspace       used 71095K, capacity 72882K, committed 73088K, reserved 1110016K
  class space    used 12334K, capacity 12595K, committed 12672K, reserved 1048576K
Event: 10.161 GC heap after
Heap after GC invocations=16 (full 4):
 PSYoungGen      total 114176K, used 13289K [0x00000000f5580000, 0x00000000ff600000, 0x0000000100000000)
  eden space 100864K, 0% used [0x00000000f5580000,0x00000000f5580000,0x00000000fb800000)
  from space 13312K, 99% used [0x00000000fd100000,0x00000000fddfa6a8,0x00000000fde00000)
  to   space 25600K, 0% used [0x00000000fb800000,0x00000000fb800000,0x00000000fd100000)
 ParOldGen       total 97280K, used 46185K [0x00000000e0000000, 0x00000000e5f00000, 0x00000000f5580000)
  object space 97280K, 47% used [0x00000000e0000000,0x00000000e2d1a4b8,0x00000000e5f00000)
 Metaspace       used 71095K, capacity 72882K, committed 73088K, reserved 1110016K
  class space    used 12334K, capacity 12595K, committed 12672K, reserved 1048576K
}
Event: 10.235 GC heap before
{Heap before GC invocations=17 (full 4):
 PSYoungGen      total 114176K, used 15971K [0x00000000f5580000, 0x00000000ff600000, 0x0000000100000000)
  eden space 100864K, 2% used [0x00000000f5580000,0x00000000f581e760,0x00000000fb800000)
  from space 13312K, 99% used [0x00000000fd100000,0x00000000fddfa6a8,0x00000000fde00000)
  to   space 25600K, 0% used [0x00000000fb800000,0x00000000fb800000,0x00000000fd100000)
 ParOldGen       total 97280K, used 46185K [0x00000000e0000000, 0x00000000e5f00000, 0x00000000f5580000)
  object space 97280K, 47% used [0x00000000e0000000,0x00000000e2d1a4b8,0x00000000e5f00000)
 Metaspace       used 71476K, capacity 73274K, committed 73344K, reserved 1110016K
  class space    used 12371K, capacity 12659K, committed 12672K, reserved 1048576K
Event: 10.248 GC heap after
Heap after GC invocations=17 (full 4):
 PSYoungGen      total 126464K, used 13569K [0x00000000f5580000, 0x0000000100000000, 0x0000000100000000)
  eden space 100864K, 0% used [0x00000000f5580000,0x00000000f5580000,0x00000000fb800000)
  from space 25600K, 53% used [0x00000000fb800000,0x00000000fc540720,0x00000000fd100000)
  to   space 25088K, 0% used [0x00000000fe780000,0x00000000fe780000,0x0000000100000000)
 ParOldGen       total 97280K, used 46185K [0x00000000e0000000, 0x00000000e5f00000, 0x00000000f5580000)
  object space 97280K, 47% used [0x00000000e0000000,0x00000000e2d1a4b8,0x00000000e5f00000)
 Metaspace       used 71476K, capacity 73274K, committed 73344K, reserved 1110016K
  class space    used 12371K, capacity 12659K, committed 12672K, reserved 1048576K
}
Event: 10.248 GC heap before
{Heap before GC invocations=18 (full 5):
 PSYoungGen      total 126464K, used 13569K [0x00000000f5580000, 0x0000000100000000, 0x0000000100000000)
  eden space 100864K, 0% used [0x00000000f5580000,0x00000000f5580000,0x00000000fb800000)
  from space 25600K, 53% used [0x00000000fb800000,0x00000000fc540720,0x00000000fd100000)
  to   space 25088K, 0% used [0x00000000fe780000,0x00000000fe780000,0x0000000100000000)
 ParOldGen       total 97280K, used 46185K [0x00000000e0000000, 0x00000000e5f00000, 0x00000000f5580000)
  object space 97280K, 47% used [0x00000000e0000000,0x00000000e2d1a4b8,0x00000000e5f00000)
 Metaspace       used 71476K, capacity 73274K, committed 73344K, reserved 1110016K
  class space    used 12371K, capacity 12659K, committed 12672K, reserved 1048576K
Event: 10.411 GC heap after
Heap after GC invocations=18 (full 5):
 PSYoungGen      total 126464K, used 0K [0x00000000f5580000, 0x0000000100000000, 0x0000000100000000)
  eden space 100864K, 0% used [0x00000000f5580000,0x00000000f5580000,0x00000000fb800000)
  from space 25600K, 0% used [0x00000000fb800000,0x00000000fb800000,0x00000000fd100000)
  to   space 25088K, 0% used [0x00000000fe780000,0x00000000fe780000,0x0000000100000000)
 ParOldGen       total 97280K, used 42456K [0x00000000e0000000, 0x00000000e5f00000, 0x00000000f5580000)
  object space 97280K, 43% used [0x00000000e0000000,0x00000000e29763d0,0x00000000e5f00000)
 Metaspace       used 71089K, capacity 72800K, committed 73344K, reserved 1110016K
  class space    used 12255K, capacity 12521K, committed 12672K, reserved 1048576K
}

