# JRE version: Java(TM) SE Runtime Environment (8.0_77-b03) (build 1.8.0_77-b03)
# Java VM: Java HotSpot(TM) 64-Bit Server VM (25.77-b03 mixed mode windows-amd64 compressed oops)
Heap:
 PSYoungGen      total 147456K, used 27322K [0x00000000f0000000, 0x00000000fe480000, 0x0000000100000000)
  eden space 136192K, 11% used [0x00000000f0000000,0x00000000f0fb6058,0x00000000f8500000)
  from space 11264K, 99% used [0x00000000f8500000,0x00000000f8ff8aa0,0x00000000f9000000)
  to   space 29184K, 0% used [0x00000000fc800000,0x00000000fc800000,0x00000000fe480000)
 ParOldGen       total 88064K, used 56969K [0x00000000d0000000, 0x00000000d5600000, 0x00000000f0000000)
  object space 88064K, 64% used [0x00000000d0000000,0x00000000d37a2448,0x00000000d5600000)
 Metaspace       used 54717K, capacity 55260K, committed 55680K, reserved 1093632K
  class space    used 10324K, capacity 10507K, committed 10624K, reserved 1048576K
GC Heap History (10 events):
Event: 9.755 GC heap before
{Heap before GC invocations=17 (full 4):
 PSYoungGen      total 120320K, used 96K [0x00000000f0000000, 0x00000000f8180000, 0x0000000100000000)
  eden space 110080K, 0% used [0x00000000f0000000,0x00000000f0000000,0x00000000f6b80000)
  from space 10240K, 0% used [0x00000000f6b80000,0x00000000f6b98000,0x00000000f7580000)
  to   space 11264K, 0% used [0x00000000f7680000,0x00000000f7680000,0x00000000f8180000)
 ParOldGen       total 88064K, used 13690K [0x00000000d0000000, 0x00000000d5600000, 0x00000000f0000000)
  object space 88064K, 15% used [0x00000000d0000000,0x00000000d0d5e900,0x00000000d5600000)
 Metaspace       used 47144K, capacity 47400K, committed 47744K, reserved 1087488K
  class space    used 8672K, capacity 8755K, committed 8832K, reserved 1048576K
Event: 9.892 GC heap after
Heap after GC invocations=17 (full 4):
 PSYoungGen      total 120320K, used 0K [0x00000000f0000000, 0x00000000f8180000, 0x0000000100000000)
  eden space 110080K, 0% used [0x00000000f0000000,0x00000000f0000000,0x00000000f6b80000)
  from space 10240K, 0% used [0x00000000f6b80000,0x00000000f6b80000,0x00000000f7580000)
  to   space 11264K, 0% used [0x00000000f7680000,0x00000000f7680000,0x00000000f8180000)
 ParOldGen       total 88064K, used 12178K [0x00000000d0000000, 0x00000000d5600000, 0x00000000f0000000)
  object space 88064K, 13% used [0x00000000d0000000,0x00000000d0be4ad8,0x00000000d5600000)
 Metaspace       used 47144K, capacity 47400K, committed 47744K, reserved 1087488K
  class space    used 8672K, capacity 8755K, committed 8832K, reserved 1048576K
}
Event: 11.079 GC heap before
{Heap before GC invocations=18 (full 4):
 PSYoungGen      total 120320K, used 110080K [0x00000000f0000000, 0x00000000f8180000, 0x0000000100000000)
  eden space 110080K, 100% used [0x00000000f0000000,0x00000000f6b80000,0x00000000f6b80000)
  from space 10240K, 0% used [0x00000000f6b80000,0x00000000f6b80000,0x00000000f7580000)
  to   space 11264K, 0% used [0x00000000f7680000,0x00000000f7680000,0x00000000f8180000)
 ParOldGen       total 88064K, used 12178K [0x00000000d0000000, 0x00000000d5600000, 0x00000000f0000000)
  object space 88064K, 13% used [0x00000000d0000000,0x00000000d0be4ad8,0x00000000d5600000)
 Metaspace       used 47988K, capacity 48380K, committed 48640K, reserved 1089536K
  class space    used 8852K, capacity 8955K, committed 8960K, reserved 1048576K
Event: 11.088 GC heap after
Heap after GC invocations=18 (full 4):
 PSYoungGen      total 121856K, used 6675K [0x00000000f0000000, 0x00000000f9a00000, 0x0000000100000000)
  eden space 110592K, 0% used [0x00000000f0000000,0x00000000f0000000,0x00000000f6c00000)
  from space 11264K, 59% used [0x00000000f7680000,0x00000000f7d04cd0,0x00000000f8180000)
  to   space 10752K, 0% used [0x00000000f6c00000,0x00000000f6c00000,0x00000000f7680000)
 ParOldGen       total 88064K, used 12186K [0x00000000d0000000, 0x00000000d5600000, 0x00000000f0000000)
  object space 88064K, 13% used [0x00000000d0000000,0x00000000d0be6ad8,0x00000000d5600000)
 Metaspace       used 47988K, capacity 48380K, committed 48640K, reserved 1089536K
  class space    used 8852K, capacity 8955K, committed 8960K, reserved 1048576K
}
Event: 12.348 GC heap before
{Heap before GC invocations=19 (full 4):
 PSYoungGen      total 121856K, used 117267K [0x00000000f0000000, 0x00000000f9a00000, 0x0000000100000000)
  eden space 110592K, 100% used [0x00000000f0000000,0x00000000f6c00000,0x00000000f6c00000)
  from space 11264K, 59% used [0x00000000f7680000,0x00000000f7d04cd0,0x00000000f8180000)
  to   space 10752K, 0% used [0x00000000f6c00000,0x00000000f6c00000,0x00000000f7680000)
 ParOldGen       total 88064K, used 12186K [0x00000000d0000000, 0x00000000d5600000, 0x00000000f0000000)
  object space 88064K, 13% used [0x00000000d0000000,0x00000000d0be6ad8,0x00000000d5600000)
 Metaspace       used 48117K, capacity 48508K, committed 48640K, reserved 1089536K
  class space    used 8852K, capacity 8955K, committed 8960K, reserved 1048576K
Event: 12.360 GC heap after
Heap after GC invocations=19 (full 4):
 PSYoungGen      total 121344K, used 8711K [0x00000000f0000000, 0x00000000f9b00000, 0x0000000100000000)
  eden space 110592K, 0% used [0x00000000f0000000,0x00000000f0000000,0x00000000f6c00000)
  from space 10752K, 81% used [0x00000000f6c00000,0x00000000f7481fd0,0x00000000f7680000)
  to   space 11264K, 0% used [0x00000000f9000000,0x00000000f9000000,0x00000000f9b00000)
 ParOldGen       total 88064K, used 12194K [0x00000000d0000000, 0x00000000d5600000, 0x00000000f0000000)
  object space 88064K, 13% used [0x00000000d0000000,0x00000000d0be8ad8,0x00000000d5600000)
 Metaspace       used 48117K, capacity 48508K, committed 48640K, reserved 1089536K
  class space    used 8852K, capacity 8955K, committed 8960K, reserved 1048576K
}
Event: 13.344 GC heap before
{Heap before GC invocations=20 (full 4):
 PSYoungGen      total 121344K, used 119303K [0x00000000f0000000, 0x00000000f9b00000, 0x0000000100000000)
  eden space 110592K, 100% used [0x00000000f0000000,0x00000000f6c00000,0x00000000f6c00000)
  from space 10752K, 81% used [0x00000000f6c00000,0x00000000f7481fd0,0x00000000f7680000)
  to   space 11264K, 0% used [0x00000000f9000000,0x00000000f9000000,0x00000000f9b00000)
 ParOldGen       total 88064K, used 12194K [0x00000000d0000000, 0x00000000d5600000, 0x00000000f0000000)
  object space 88064K, 13% used [0x00000000d0000000,0x00000000d0be8ad8,0x00000000d5600000)
 Metaspace       used 48223K, capacity 48636K, committed 48896K, reserved 1089536K
  class space    used 8853K, capacity 8955K, committed 8960K, reserved 1048576K
Event: 13.369 GC heap after
Heap after GC invocations=20 (full 4):
 PSYoungGen      total 147456K, used 5191K [0x00000000f0000000, 0x00000000f9f80000, 0x0000000100000000)
  eden space 136192K, 0% used [0x00000000f0000000,0x00000000f0000000,0x00000000f8500000)
  from space 11264K, 46% used [0x00000000f9000000,0x00000000f9511fd0,0x00000000f9b00000)
  to   space 11264K, 0% used [0x00000000f8500000,0x00000000f8500000,0x00000000f9000000)
 ParOldGen       total 88064K, used 12194K [0x00000000d0000000, 0x00000000d5600000, 0x00000000f0000000)
  object space 88064K, 13% used [0x00000000d0000000,0x00000000d0be8ad8,0x00000000d5600000)
 Metaspace       used 48223K, capacity 48636K, committed 48896K, reserved 1089536K
  class space    used 8853K, capacity 8955K, committed 8960K, reserved 1048576K
}
Event: 16.464 GC heap before
{Heap before GC invocations=21 (full 4):
 PSYoungGen      total 147456K, used 141383K [0x00000000f0000000, 0x00000000f9f80000, 0x0000000100000000)
  eden space 136192K, 100% used [0x00000000f0000000,0x00000000f8500000,0x00000000f8500000)
  from space 11264K, 46% used [0x00000000f9000000,0x00000000f9511fd0,0x00000000f9b00000)
  to   space 11264K, 0% used [0x00000000f8500000,0x00000000f8500000,0x00000000f9000000)
 ParOldGen       total 88064K, used 12194K [0x00000000d0000000, 0x00000000d5600000, 0x00000000f0000000)
  object space 88064K, 13% used [0x00000000d0000000,0x00000000d0be8ad8,0x00000000d5600000)
 Metaspace       used 52861K, capacity 53340K, committed 53632K, reserved 1093632K
  class space    used 9830K, capacity 9995K, committed 10112K, reserved 1048576K
Event: 16.528 GC heap after
Heap after GC invocations=21 (full 4):
 PSYoungGen      total 147456K, used 11234K [0x00000000f0000000, 0x00000000fe480000, 0x0000000100000000)
  eden space 136192K, 0% used [0x00000000f0000000,0x00000000f0000000,0x00000000f8500000)
  from space 11264K, 99% used [0x00000000f8500000,0x00000000f8ff8aa0,0x00000000f9000000)
  to   space 29184K, 0% used [0x00000000fc800000,0x00000000fc800000,0x00000000fe480000)
 ParOldGen       total 88064K, used 56969K [0x00000000d0000000, 0x00000000d5600000, 0x00000000f0000000)
  object space 88064K, 64% used [0x00000000d0000000,0x00000000d37a2448,0x00000000d5600000)
 Metaspace       used 52861K, capacity 53340K, committed 53632K, reserved 1093632K
  class space    used 9830K, capacity 9995K, committed 10112K, reserved 1048576K
}

