# JRE version: Java(TM) SE Runtime Environment (8.0_77-b03) (build 1.8.0_77-b03)
# Java VM: Java HotSpot(TM) 64-Bit Server VM (25.77-b03 mixed mode windows-amd64 compressed oops)
Heap:
 PSYoungGen      total 187904K, used 58599K [0x00000000f0000000, 0x00000000ff200000, 0x0000000100000000)
  eden space 153600K, 32% used [0x00000000f0000000,0x00000000f3068dc8,0x00000000f9600000)
  from space 34304K, 26% used [0x00000000fd080000,0x00000000fd950e78,0x00000000ff200000)
  to   space 47104K, 0% used [0x00000000f9600000,0x00000000f9600000,0x00000000fc400000)
 ParOldGen       total 265216K, used 78712K [0x00000000d0000000, 0x00000000e0300000, 0x00000000f0000000)
  object space 265216K, 29% used [0x00000000d0000000,0x00000000d4cde380,0x00000000e0300000)
 Metaspace       used 65855K, capacity 66602K, committed 66688K, reserved 1103872K
  class space    used 12133K, capacity 12404K, committed 12416K, reserved 1048576K
GC Heap History (10 events):
Event: 23.488 GC heap before
{Heap before GC invocations=22 (full 4):
 PSYoungGen      total 152576K, used 152560K [0x00000000f0000000, 0x00000000fa000000, 0x0000000100000000)
  eden space 141312K, 100% used [0x00000000f0000000,0x00000000f8a00000,0x00000000f8a00000)
  from space 11264K, 99% used [0x00000000f8a00000,0x00000000f94fc160,0x00000000f9500000)
  to   space 10752K, 0% used [0x00000000f9580000,0x00000000f9580000,0x00000000fa000000)
 ParOldGen       total 88064K, used 57360K [0x00000000d0000000, 0x00000000d5600000, 0x00000000f0000000)
  object space 88064K, 65% used [0x00000000d0000000,0x00000000d3804258,0x00000000d5600000)
 Metaspace       used 58472K, capacity 59070K, committed 59264K, reserved 1097728K
  class space    used 11103K, capacity 11285K, committed 11392K, reserved 1048576K
Event: 23.542 GC heap after
Heap after GC invocations=22 (full 4):
 PSYoungGen      total 152064K, used 10726K [0x00000000f0000000, 0x00000000fa000000, 0x0000000100000000)
  eden space 141312K, 0% used [0x00000000f0000000,0x00000000f0000000,0x00000000f8a00000)
  from space 10752K, 99% used [0x00000000f9580000,0x00000000f9ff9bb8,0x00000000fa000000)
  to   space 11264K, 0% used [0x00000000f8a00000,0x00000000f8a00000,0x00000000f9500000)
 ParOldGen       total 94208K, used 94082K [0x00000000d0000000, 0x00000000d5c00000, 0x00000000f0000000)
  object space 94208K, 99% used [0x00000000d0000000,0x00000000d5be0bf8,0x00000000d5c00000)
 Metaspace       used 58472K, capacity 59070K, committed 59264K, reserved 1097728K
  class space    used 11103K, capacity 11285K, committed 11392K, reserved 1048576K
}
Event: 23.542 GC heap before
{Heap before GC invocations=23 (full 5):
 PSYoungGen      total 152064K, used 10726K [0x00000000f0000000, 0x00000000fa000000, 0x0000000100000000)
  eden space 141312K, 0% used [0x00000000f0000000,0x00000000f0000000,0x00000000f8a00000)
  from space 10752K, 99% used [0x00000000f9580000,0x00000000f9ff9bb8,0x00000000fa000000)
  to   space 11264K, 0% used [0x00000000f8a00000,0x00000000f8a00000,0x00000000f9500000)
 ParOldGen       total 94208K, used 94082K [0x00000000d0000000, 0x00000000d5c00000, 0x00000000f0000000)
  object space 94208K, 99% used [0x00000000d0000000,0x00000000d5be0bf8,0x00000000d5c00000)
 Metaspace       used 58472K, capacity 59070K, committed 59264K, reserved 1097728K
  class space    used 11103K, capacity 11285K, committed 11392K, reserved 1048576K
Event: 23.712 GC heap after
Heap after GC invocations=23 (full 5):
 PSYoungGen      total 152064K, used 0K [0x00000000f0000000, 0x00000000fa000000, 0x0000000100000000)
  eden space 141312K, 0% used [0x00000000f0000000,0x00000000f0000000,0x00000000f8a00000)
  from space 10752K, 0% used [0x00000000f9580000,0x00000000f9580000,0x00000000fa000000)
  to   space 11264K, 0% used [0x00000000f8a00000,0x00000000f8a00000,0x00000000f9500000)
 ParOldGen       total 94208K, used 40421K [0x00000000d0000000, 0x00000000d5c00000, 0x00000000f0000000)
  object space 94208K, 42% used [0x00000000d0000000,0x00000000d2779738,0x00000000d5c00000)
 Metaspace       used 58112K, capacity 58586K, committed 59264K, reserved 1097728K
  class space    used 11049K, capacity 11205K, committed 11392K, reserved 1048576K
}
Event: 26.638 GC heap before
{Heap before GC invocations=24 (full 5):
 PSYoungGen      total 152064K, used 141312K [0x00000000f0000000, 0x00000000fa000000, 0x0000000100000000)
  eden space 141312K, 100% used [0x00000000f0000000,0x00000000f8a00000,0x00000000f8a00000)
  from space 10752K, 0% used [0x00000000f9580000,0x00000000f9580000,0x00000000fa000000)
  to   space 11264K, 0% used [0x00000000f8a00000,0x00000000f8a00000,0x00000000f9500000)
 ParOldGen       total 94208K, used 40421K [0x00000000d0000000, 0x00000000d5c00000, 0x00000000f0000000)
  object space 94208K, 42% used [0x00000000d0000000,0x00000000d2779738,0x00000000d5c00000)
 Metaspace       used 59811K, capacity 60408K, committed 60672K, reserved 1097728K
  class space    used 11289K, capacity 11475K, committed 11520K, reserved 1048576K
Event: 26.672 GC heap after
Heap after GC invocations=24 (full 5):
 PSYoungGen      total 152576K, used 11254K [0x00000000f0000000, 0x0000000100000000, 0x0000000100000000)
  eden space 141312K, 0% used [0x00000000f0000000,0x00000000f0000000,0x00000000f8a00000)
  from space 11264K, 99% used [0x00000000f8a00000,0x00000000f94fd9f0,0x00000000f9500000)
  to   space 48640K, 0% used [0x00000000fd080000,0x00000000fd080000,0x0000000100000000)
 ParOldGen       total 94208K, used 72837K [0x00000000d0000000, 0x00000000d5c00000, 0x00000000f0000000)
  object space 94208K, 77% used [0x00000000d0000000,0x00000000d47216a0,0x00000000d5c00000)
 Metaspace       used 59811K, capacity 60408K, committed 60672K, reserved 1097728K
  class space    used 11289K, capacity 11475K, committed 11520K, reserved 1048576K
}
Event: 26.672 GC heap before
{Heap before GC invocations=25 (full 6):
 PSYoungGen      total 152576K, used 11254K [0x00000000f0000000, 0x0000000100000000, 0x0000000100000000)
  eden space 141312K, 0% used [0x00000000f0000000,0x00000000f0000000,0x00000000f8a00000)
  from space 11264K, 99% used [0x00000000f8a00000,0x00000000f94fd9f0,0x00000000f9500000)
  to   space 48640K, 0% used [0x00000000fd080000,0x00000000fd080000,0x0000000100000000)
 ParOldGen       total 94208K, used 72837K [0x00000000d0000000, 0x00000000d5c00000, 0x00000000f0000000)
  object space 94208K, 77% used [0x00000000d0000000,0x00000000d47216a0,0x00000000d5c00000)
 Metaspace       used 59811K, capacity 60408K, committed 60672K, reserved 1097728K
  class space    used 11289K, capacity 11475K, committed 11520K, reserved 1048576K
Event: 27.073 GC heap after
Heap after GC invocations=25 (full 6):
 PSYoungGen      total 152576K, used 0K [0x00000000f0000000, 0x0000000100000000, 0x0000000100000000)
  eden space 141312K, 0% used [0x00000000f0000000,0x00000000f0000000,0x00000000f8a00000)
  from space 11264K, 0% used [0x00000000f8a00000,0x00000000f8a00000,0x00000000f9500000)
  to   space 48640K, 0% used [0x00000000fd080000,0x00000000fd080000,0x0000000100000000)
 ParOldGen       total 265216K, used 78696K [0x00000000d0000000, 0x00000000e0300000, 0x00000000f0000000)
  object space 265216K, 29% used [0x00000000d0000000,0x00000000d4cda380,0x00000000e0300000)
 Metaspace       used 59811K, capacity 60408K, committed 60672K, reserved 1097728K
  class space    used 11289K, capacity 11475K, committed 11520K, reserved 1048576K
}
Event: 30.063 GC heap before
{Heap before GC invocations=26 (full 6):
 PSYoungGen      total 152576K, used 141312K [0x00000000f0000000, 0x0000000100000000, 0x0000000100000000)
  eden space 141312K, 100% used [0x00000000f0000000,0x00000000f8a00000,0x00000000f8a00000)
  from space 11264K, 0% used [0x00000000f8a00000,0x00000000f8a00000,0x00000000f9500000)
  to   space 48640K, 0% used [0x00000000fd080000,0x00000000fd080000,0x0000000100000000)
 ParOldGen       total 265216K, used 78696K [0x00000000d0000000, 0x00000000e0300000, 0x00000000f0000000)
  object space 265216K, 29% used [0x00000000d0000000,0x00000000d4cda380,0x00000000e0300000)
 Metaspace       used 65710K, capacity 66474K, committed 66688K, reserved 1103872K
  class space    used 12133K, capacity 12404K, committed 12416K, reserved 1048576K
Event: 30.075 GC heap after
Heap after GC invocations=26 (full 6):
 PSYoungGen      total 187904K, used 9027K [0x00000000f0000000, 0x00000000ff200000, 0x0000000100000000)
  eden space 153600K, 0% used [0x00000000f0000000,0x00000000f0000000,0x00000000f9600000)
  from space 34304K, 26% used [0x00000000fd080000,0x00000000fd950e78,0x00000000ff200000)
  to   space 47104K, 0% used [0x00000000f9600000,0x00000000f9600000,0x00000000fc400000)
 ParOldGen       total 265216K, used 78712K [0x00000000d0000000, 0x00000000e0300000, 0x00000000f0000000)
  object space 265216K, 29% used [0x00000000d0000000,0x00000000d4cde380,0x00000000e0300000)
 Metaspace       used 65710K, capacity 66474K, committed 66688K, reserved 1103872K
  class space    used 12133K, capacity 12404K, committed 12416K, reserved 1048576K
}

