# JRE version: Java(TM) SE Runtime Environment (8.0_77-b03) (build 1.8.0_77-b03)
# Java VM: Java HotSpot(TM) 64-Bit Server VM (25.77-b03 mixed mode windows-amd64 compressed oops)
Heap:
 PSYoungGen      total 162816K, used 150006K [0x00000000f5580000, 0x0000000100000000, 0x0000000100000000)
  eden space 151040K, 93% used [0x00000000f5580000,0x00000000fe014b98,0x00000000fe900000)
  from space 11776K, 68% used [0x00000000ff480000,0x00000000ffc68cb0,0x0000000100000000)
  to   space 11776K, 0% used [0x00000000fe900000,0x00000000fe900000,0x00000000ff480000)
 ParOldGen       total 90112K, used 12243K [0x00000000e0000000, 0x00000000e5800000, 0x00000000f5580000)
  object space 90112K, 13% used [0x00000000e0000000,0x00000000e0bf4da0,0x00000000e5800000)
 Metaspace       used 48116K, capacity 48508K, committed 48640K, reserved 1089536K
  class space    used 8861K, capacity 8955K, committed 8960K, reserved 1048576K
GC Heap History (10 events):
Event: 16.407 GC heap before
{Heap before GC invocations=12 (full 2):
 PSYoungGen      total 138240K, used 78042K [0x00000000f5580000, 0x0000000100000000, 0x0000000100000000)
  eden space 127488K, 53% used [0x00000000f5580000,0x00000000f988d8a0,0x00000000fd200000)
  from space 10752K, 87% used [0x00000000fd200000,0x00000000fdb29090,0x00000000fdc80000)
  to   space 11264K, 0% used [0x00000000ff500000,0x00000000ff500000,0x0000000100000000)
 ParOldGen       total 90112K, used 9386K [0x00000000e0000000, 0x00000000e5800000, 0x00000000f5580000)
  object space 90112K, 10% used [0x00000000e0000000,0x00000000e092ab10,0x00000000e5800000)
 Metaspace       used 47133K, capacity 47464K, committed 47744K, reserved 1087488K
  class space    used 8683K, capacity 8755K, committed 8832K, reserved 1048576K
Event: 16.414 GC heap after
Heap after GC invocations=12 (full 2):
 PSYoungGen      total 163840K, used 7559K [0x00000000f5580000, 0x0000000100000000, 0x0000000100000000)
  eden space 152576K, 0% used [0x00000000f5580000,0x00000000f5580000,0x00000000fea80000)
  from space 11264K, 67% used [0x00000000ff500000,0x00000000ffc61d30,0x0000000100000000)
  to   space 10752K, 0% used [0x00000000fea80000,0x00000000fea80000,0x00000000ff500000)
 ParOldGen       total 90112K, used 9394K [0x00000000e0000000, 0x00000000e5800000, 0x00000000f5580000)
  object space 90112K, 10% used [0x00000000e0000000,0x00000000e092cb10,0x00000000e5800000)
 Metaspace       used 47133K, capacity 47464K, committed 47744K, reserved 1087488K
  class space    used 8683K, capacity 8755K, committed 8832K, reserved 1048576K
}
Event: 16.414 GC heap before
{Heap before GC invocations=13 (full 3):
 PSYoungGen      total 163840K, used 7559K [0x00000000f5580000, 0x0000000100000000, 0x0000000100000000)
  eden space 152576K, 0% used [0x00000000f5580000,0x00000000f5580000,0x00000000fea80000)
  from space 11264K, 67% used [0x00000000ff500000,0x00000000ffc61d30,0x0000000100000000)
  to   space 10752K, 0% used [0x00000000fea80000,0x00000000fea80000,0x00000000ff500000)
 ParOldGen       total 90112K, used 9394K [0x00000000e0000000, 0x00000000e5800000, 0x00000000f5580000)
  object space 90112K, 10% used [0x00000000e0000000,0x00000000e092cb10,0x00000000e5800000)
 Metaspace       used 47133K, capacity 47464K, committed 47744K, reserved 1087488K
  class space    used 8683K, capacity 8755K, committed 8832K, reserved 1048576K
Event: 16.572 GC heap after
Heap after GC invocations=13 (full 3):
 PSYoungGen      total 163840K, used 0K [0x00000000f5580000, 0x0000000100000000, 0x0000000100000000)
  eden space 152576K, 0% used [0x00000000f5580000,0x00000000f5580000,0x00000000fea80000)
  from space 11264K, 0% used [0x00000000ff500000,0x00000000ff500000,0x0000000100000000)
  to   space 10752K, 0% used [0x00000000fea80000,0x00000000fea80000,0x00000000ff500000)
 ParOldGen       total 90112K, used 13901K [0x00000000e0000000, 0x00000000e5800000, 0x00000000f5580000)
  object space 90112K, 15% used [0x00000000e0000000,0x00000000e0d93790,0x00000000e5800000)
 Metaspace       used 47133K, capacity 47464K, committed 47744K, reserved 1087488K
  class space    used 8683K, capacity 8755K, committed 8832K, reserved 1048576K
}
Event: 16.576 GC heap before
{Heap before GC invocations=14 (full 3):
 PSYoungGen      total 163840K, used 2171K [0x00000000f5580000, 0x0000000100000000, 0x0000000100000000)
  eden space 152576K, 1% used [0x00000000f5580000,0x00000000f579ef78,0x00000000fea80000)
  from space 11264K, 0% used [0x00000000ff500000,0x00000000ff500000,0x0000000100000000)
  to   space 10752K, 0% used [0x00000000fea80000,0x00000000fea80000,0x00000000ff500000)
 ParOldGen       total 90112K, used 13901K [0x00000000e0000000, 0x00000000e5800000, 0x00000000f5580000)
  object space 90112K, 15% used [0x00000000e0000000,0x00000000e0d93790,0x00000000e5800000)
 Metaspace       used 47135K, capacity 47464K, committed 47744K, reserved 1087488K
  class space    used 8684K, capacity 8755K, committed 8832K, reserved 1048576K
Event: 16.578 GC heap after
Heap after GC invocations=14 (full 3):
 PSYoungGen      total 153088K, used 96K [0x00000000f5580000, 0x0000000100000000, 0x0000000100000000)
  eden space 152576K, 0% used [0x00000000f5580000,0x00000000f5580000,0x00000000fea80000)
  from space 512K, 18% used [0x00000000fea80000,0x00000000fea98000,0x00000000feb00000)
  to   space 11776K, 0% used [0x00000000ff480000,0x00000000ff480000,0x0000000100000000)
 ParOldGen       total 90112K, used 13901K [0x00000000e0000000, 0x00000000e5800000, 0x00000000f5580000)
  object space 90112K, 15% used [0x00000000e0000000,0x00000000e0d93790,0x00000000e5800000)
 Metaspace       used 47135K, capacity 47464K, committed 47744K, reserved 1087488K
  class space    used 8684K, capacity 8755K, committed 8832K, reserved 1048576K
}
Event: 16.578 GC heap before
{Heap before GC invocations=15 (full 4):
 PSYoungGen      total 153088K, used 96K [0x00000000f5580000, 0x0000000100000000, 0x0000000100000000)
  eden space 152576K, 0% used [0x00000000f5580000,0x00000000f5580000,0x00000000fea80000)
  from space 512K, 18% used [0x00000000fea80000,0x00000000fea98000,0x00000000feb00000)
  to   space 11776K, 0% used [0x00000000ff480000,0x00000000ff480000,0x0000000100000000)
 ParOldGen       total 90112K, used 13901K [0x00000000e0000000, 0x00000000e5800000, 0x00000000f5580000)
  object space 90112K, 15% used [0x00000000e0000000,0x00000000e0d93790,0x00000000e5800000)
 Metaspace       used 47135K, capacity 47464K, committed 47744K, reserved 1087488K
  class space    used 8684K, capacity 8755K, committed 8832K, reserved 1048576K
Event: 16.725 GC heap after
Heap after GC invocations=15 (full 4):
 PSYoungGen      total 153088K, used 0K [0x00000000f5580000, 0x0000000100000000, 0x0000000100000000)
  eden space 152576K, 0% used [0x00000000f5580000,0x00000000f5580000,0x00000000fea80000)
  from space 512K, 0% used [0x00000000fea80000,0x00000000fea80000,0x00000000feb00000)
  to   space 11776K, 0% used [0x00000000ff480000,0x00000000ff480000,0x0000000100000000)
 ParOldGen       total 90112K, used 12235K [0x00000000e0000000, 0x00000000e5800000, 0x00000000f5580000)
  object space 90112K, 13% used [0x00000000e0000000,0x00000000e0bf2da0,0x00000000e5800000)
 Metaspace       used 47135K, capacity 47464K, committed 47744K, reserved 1087488K
  class space    used 8684K, capacity 8755K, committed 8832K, reserved 1048576K
}
Event: 18.973 GC heap before
{Heap before GC invocations=16 (full 4):
 PSYoungGen      total 153088K, used 152576K [0x00000000f5580000, 0x0000000100000000, 0x0000000100000000)
  eden space 152576K, 100% used [0x00000000f5580000,0x00000000fea80000,0x00000000fea80000)
  from space 512K, 0% used [0x00000000fea80000,0x00000000fea80000,0x00000000feb00000)
  to   space 11776K, 0% used [0x00000000ff480000,0x00000000ff480000,0x0000000100000000)
 ParOldGen       total 90112K, used 12235K [0x00000000e0000000, 0x00000000e5800000, 0x00000000f5580000)
  object space 90112K, 13% used [0x00000000e0000000,0x00000000e0bf2da0,0x00000000e5800000)
 Metaspace       used 48094K, capacity 48444K, committed 48640K, reserved 1089536K
  class space    used 8861K, capacity 8955K, committed 8960K, reserved 1048576K
Event: 18.983 GC heap after
Heap after GC invocations=16 (full 4):
 PSYoungGen      total 162816K, used 8099K [0x00000000f5580000, 0x0000000100000000, 0x0000000100000000)
  eden space 151040K, 0% used [0x00000000f5580000,0x00000000f5580000,0x00000000fe900000)
  from space 11776K, 68% used [0x00000000ff480000,0x00000000ffc68cb0,0x0000000100000000)
  to   space 11776K, 0% used [0x00000000fe900000,0x00000000fe900000,0x00000000ff480000)
 ParOldGen       total 90112K, used 12243K [0x00000000e0000000, 0x00000000e5800000, 0x00000000f5580000)
  object space 90112K, 13% used [0x00000000e0000000,0x00000000e0bf4da0,0x00000000e5800000)
 Metaspace       used 48094K, capacity 48444K, committed 48640K, reserved 1089536K
  class space    used 8861K, capacity 8955K, committed 8960K, reserved 1048576K
}

