# JRE version: Java(TM) SE Runtime Environment (8.0_77-b03) (build 1.8.0_77-b03)
# Java VM: Java HotSpot(TM) 64-Bit Server VM (25.77-b03 mixed mode windows-amd64 compressed oops)
Heap:
 PSYoungGen      total 131584K, used 18201K [0x00000000f5580000, 0x00000000ff980000, 0x0000000100000000)
  eden space 114688K, 15% used [0x00000000f5580000,0x00000000f6746408,0x00000000fc580000)
  from space 16896K, 0% used [0x00000000fdb80000,0x00000000fdb80000,0x00000000fec00000)
  to   space 22528K, 0% used [0x00000000fc580000,0x00000000fc580000,0x00000000fdb80000)
 ParOldGen       total 170496K, used 41081K [0x00000000e0000000, 0x00000000ea680000, 0x00000000f5580000)
  object space 170496K, 24% used [0x00000000e0000000,0x00000000e281e770,0x00000000ea680000)
 Metaspace       used 71800K, capacity 73851K, committed 74028K, reserved 1112064K
  class space    used 12328K, capacity 12562K, committed 12672K, reserved 1048576K
GC Heap History (10 events):
Event: 6.585 GC heap before
{Heap before GC invocations=13 (full 4):
 PSYoungGen      total 107520K, used 96K [0x00000000f5580000, 0x00000000fc980000, 0x0000000100000000)
  eden space 98304K, 0% used [0x00000000f5580000,0x00000000f5580000,0x00000000fb580000)
  from space 9216K, 1% used [0x00000000fb580000,0x00000000fb598000,0x00000000fbe80000)
  to   space 10240K, 0% used [0x00000000fbf80000,0x00000000fbf80000,0x00000000fc980000)
 ParOldGen       total 59904K, used 13498K [0x00000000e0000000, 0x00000000e3a80000, 0x00000000f5580000)
  object space 59904K, 22% used [0x00000000e0000000,0x00000000e0d2e860,0x00000000e3a80000)
 Metaspace       used 43427K, capacity 43670K, committed 44032K, reserved 1085440K
  class space    used 8309K, capacity 8368K, committed 8448K, reserved 1048576K
Event: 6.744 GC heap after
Heap after GC invocations=13 (full 4):
 PSYoungGen      total 107520K, used 0K [0x00000000f5580000, 0x00000000fc980000, 0x0000000100000000)
  eden space 98304K, 0% used [0x00000000f5580000,0x00000000f5580000,0x00000000fb580000)
  from space 9216K, 0% used [0x00000000fb580000,0x00000000fb580000,0x00000000fbe80000)
  to   space 10240K, 0% used [0x00000000fbf80000,0x00000000fbf80000,0x00000000fc980000)
 ParOldGen       total 59904K, used 11409K [0x00000000e0000000, 0x00000000e3a80000, 0x00000000f5580000)
  object space 59904K, 19% used [0x00000000e0000000,0x00000000e0b24510,0x00000000e3a80000)
 Metaspace       used 43427K, capacity 43670K, committed 44032K, reserved 1085440K
  class space    used 8309K, capacity 8368K, committed 8448K, reserved 1048576K
}
Event: 8.298 GC heap before
{Heap before GC invocations=14 (full 4):
 PSYoungGen      total 107520K, used 98304K [0x00000000f5580000, 0x00000000fc980000, 0x0000000100000000)
  eden space 98304K, 100% used [0x00000000f5580000,0x00000000fb580000,0x00000000fb580000)
  from space 9216K, 0% used [0x00000000fb580000,0x00000000fb580000,0x00000000fbe80000)
  to   space 10240K, 0% used [0x00000000fbf80000,0x00000000fbf80000,0x00000000fc980000)
 ParOldGen       total 59904K, used 11409K [0x00000000e0000000, 0x00000000e3a80000, 0x00000000f5580000)
  object space 59904K, 19% used [0x00000000e0000000,0x00000000e0b24510,0x00000000e3a80000)
 Metaspace       used 44826K, capacity 45312K, committed 45440K, reserved 1085440K
  class space    used 8605K, capacity 8746K, committed 8832K, reserved 1048576K
Event: 8.304 GC heap after
Heap after GC invocations=14 (full 4):
 PSYoungGen      total 109056K, used 5322K [0x00000000f5580000, 0x00000000fea80000, 0x0000000100000000)
  eden space 98816K, 0% used [0x00000000f5580000,0x00000000f5580000,0x00000000fb600000)
  from space 10240K, 51% used [0x00000000fbf80000,0x00000000fc4b29f0,0x00000000fc980000)
  to   space 9728K, 0% used [0x00000000fb600000,0x00000000fb600000,0x00000000fbf80000)
 ParOldGen       total 59904K, used 11417K [0x00000000e0000000, 0x00000000e3a80000, 0x00000000f5580000)
  object space 59904K, 19% used [0x00000000e0000000,0x00000000e0b26510,0x00000000e3a80000)
 Metaspace       used 44826K, capacity 45312K, committed 45440K, reserved 1085440K
  class space    used 8605K, capacity 8746K, committed 8832K, reserved 1048576K
}
Event: 10.885 GC heap before
{Heap before GC invocations=15 (full 4):
 PSYoungGen      total 109056K, used 104138K [0x00000000f5580000, 0x00000000fea80000, 0x0000000100000000)
  eden space 98816K, 100% used [0x00000000f5580000,0x00000000fb600000,0x00000000fb600000)
  from space 10240K, 51% used [0x00000000fbf80000,0x00000000fc4b29f0,0x00000000fc980000)
  to   space 9728K, 0% used [0x00000000fb600000,0x00000000fb600000,0x00000000fbf80000)
 ParOldGen       total 59904K, used 11417K [0x00000000e0000000, 0x00000000e3a80000, 0x00000000f5580000)
  object space 59904K, 19% used [0x00000000e0000000,0x00000000e0b26510,0x00000000e3a80000)
 Metaspace       used 62109K, capacity 63270K, committed 63360K, reserved 1105920K
  class space    used 11373K, capacity 11601K, committed 11648K, reserved 1048576K
Event: 10.908 GC heap after
Heap after GC invocations=15 (full 4):
 PSYoungGen      total 108544K, used 9705K [0x00000000f5580000, 0x00000000fec00000, 0x0000000100000000)
  eden space 98816K, 0% used [0x00000000f5580000,0x00000000f5580000,0x00000000fb600000)
  from space 9728K, 99% used [0x00000000fb600000,0x00000000fbf7a698,0x00000000fbf80000)
  to   space 16896K, 0% used [0x00000000fdb80000,0x00000000fdb80000,0x00000000fec00000)
 ParOldGen       total 59904K, used 27111K [0x00000000e0000000, 0x00000000e3a80000, 0x00000000f5580000)
  object space 59904K, 45% used [0x00000000e0000000,0x00000000e1a79f40,0x00000000e3a80000)
 Metaspace       used 62109K, capacity 63270K, committed 63360K, reserved 1105920K
  class space    used 11373K, capacity 11601K, committed 11648K, reserved 1048576K
}
Event: 12.489 GC heap before
{Heap before GC invocations=16 (full 4):
 PSYoungGen      total 108544K, used 63322K [0x00000000f5580000, 0x00000000fec00000, 0x0000000100000000)
  eden space 98816K, 54% used [0x00000000f5580000,0x00000000f89dc4c0,0x00000000fb600000)
  from space 9728K, 99% used [0x00000000fb600000,0x00000000fbf7a698,0x00000000fbf80000)
  to   space 16896K, 0% used [0x00000000fdb80000,0x00000000fdb80000,0x00000000fec00000)
 ParOldGen       total 59904K, used 27111K [0x00000000e0000000, 0x00000000e3a80000, 0x00000000f5580000)
  object space 59904K, 45% used [0x00000000e0000000,0x00000000e1a79f40,0x00000000e3a80000)
 Metaspace       used 71453K, capacity 73359K, committed 73388K, reserved 1114112K
  class space    used 12272K, capacity 12518K, committed 12544K, reserved 1048576K
Event: 12.516 GC heap after
Heap after GC invocations=16 (full 4):
 PSYoungGen      total 131584K, used 16873K [0x00000000f5580000, 0x00000000ff980000, 0x0000000100000000)
  eden space 114688K, 0% used [0x00000000f5580000,0x00000000f5580000,0x00000000fc580000)
  from space 16896K, 99% used [0x00000000fdb80000,0x00000000febfa698,0x00000000fec00000)
  to   space 22528K, 0% used [0x00000000fc580000,0x00000000fc580000,0x00000000fdb80000)
 ParOldGen       total 59904K, used 36690K [0x00000000e0000000, 0x00000000e3a80000, 0x00000000f5580000)
  object space 59904K, 61% used [0x00000000e0000000,0x00000000e23d4b88,0x00000000e3a80000)
 Metaspace       used 71453K, capacity 73359K, committed 73388K, reserved 1114112K
  class space    used 12272K, capacity 12518K, committed 12544K, reserved 1048576K
}
Event: 12.516 GC heap before
{Heap before GC invocations=17 (full 5):
 PSYoungGen      total 131584K, used 16873K [0x00000000f5580000, 0x00000000ff980000, 0x0000000100000000)
  eden space 114688K, 0% used [0x00000000f5580000,0x00000000f5580000,0x00000000fc580000)
  from space 16896K, 99% used [0x00000000fdb80000,0x00000000febfa698,0x00000000fec00000)
  to   space 22528K, 0% used [0x00000000fc580000,0x00000000fc580000,0x00000000fdb80000)
 ParOldGen       total 59904K, used 36690K [0x00000000e0000000, 0x00000000e3a80000, 0x00000000f5580000)
  object space 59904K, 61% used [0x00000000e0000000,0x00000000e23d4b88,0x00000000e3a80000)
 Metaspace       used 71453K, capacity 73359K, committed 73388K, reserved 1114112K
  class space    used 12272K, capacity 12518K, committed 12544K, reserved 1048576K
Event: 12.805 GC heap after
Heap after GC invocations=17 (full 5):
 PSYoungGen      total 131584K, used 0K [0x00000000f5580000, 0x00000000ff980000, 0x0000000100000000)
  eden space 114688K, 0% used [0x00000000f5580000,0x00000000f5580000,0x00000000fc580000)
  from space 16896K, 0% used [0x00000000fdb80000,0x00000000fdb80000,0x00000000fec00000)
  to   space 22528K, 0% used [0x00000000fc580000,0x00000000fc580000,0x00000000fdb80000)
 ParOldGen       total 170496K, used 41081K [0x00000000e0000000, 0x00000000ea680000, 0x00000000f5580000)
  object space 170496K, 24% used [0x00000000e0000000,0x00000000e281e770,0x00000000ea680000)
 Metaspace       used 71067K, capacity 72885K, committed 73388K, reserved 1112064K
  class space    used 12157K, capacity 12380K, committed 12544K, reserved 1048576K
}

