# JRE version: Java(TM) SE Runtime Environment (8.0_77-b03) (build 1.8.0_77-b03)
# Java VM: Java HotSpot(TM) 64-Bit Server VM (25.77-b03 mixed mode windows-amd64 compressed oops)
Heap:
 PSYoungGen      total 146432K, used 92641K [0x00000000f5580000, 0x0000000100000000, 0x0000000100000000)
  eden space 126976K, 72% used [0x00000000f5580000,0x00000000faff87b8,0x00000000fd180000)
  from space 19456K, 0% used [0x00000000fe800000,0x00000000fe800000,0x00000000ffb00000)
  to   space 23040K, 0% used [0x00000000fd180000,0x00000000fd180000,0x00000000fe800000)
 ParOldGen       total 88576K, used 43260K [0x00000000e0000000, 0x00000000e5680000, 0x00000000f5580000)
  object space 88576K, 48% used [0x00000000e0000000,0x00000000e2a3f298,0x00000000e5680000)
 Metaspace       used 72510K, capacity 74797K, committed 75136K, reserved 1112064K
  class space    used 12332K, capacity 12566K, committed 12672K, reserved 1048576K
GC Heap History (10 events):
Event: 6.853 GC heap before
{Heap before GC invocations=13 (full 4):
 PSYoungGen      total 114176K, used 96K [0x00000000f5580000, 0x00000000fd000000, 0x0000000100000000)
  eden space 104960K, 0% used [0x00000000f5580000,0x00000000f5580000,0x00000000fbc00000)
  from space 9216K, 1% used [0x00000000fbc00000,0x00000000fbc18000,0x00000000fc500000)
  to   space 10240K, 0% used [0x00000000fc600000,0x00000000fc600000,0x00000000fd000000)
 ParOldGen       total 88576K, used 13179K [0x00000000e0000000, 0x00000000e5680000, 0x00000000f5580000)
  object space 88576K, 14% used [0x00000000e0000000,0x00000000e0cded28,0x00000000e5680000)
 Metaspace       used 43447K, capacity 43734K, committed 44032K, reserved 1085440K
  class space    used 8311K, capacity 8368K, committed 8448K, reserved 1048576K
Event: 6.938 GC heap after
Heap after GC invocations=13 (full 4):
 PSYoungGen      total 114176K, used 0K [0x00000000f5580000, 0x00000000fd000000, 0x0000000100000000)
  eden space 104960K, 0% used [0x00000000f5580000,0x00000000f5580000,0x00000000fbc00000)
  from space 9216K, 0% used [0x00000000fbc00000,0x00000000fbc00000,0x00000000fc500000)
  to   space 10240K, 0% used [0x00000000fc600000,0x00000000fc600000,0x00000000fd000000)
 ParOldGen       total 88576K, used 11406K [0x00000000e0000000, 0x00000000e5680000, 0x00000000f5580000)
  object space 88576K, 12% used [0x00000000e0000000,0x00000000e0b23918,0x00000000e5680000)
 Metaspace       used 43447K, capacity 43734K, committed 44032K, reserved 1085440K
  class space    used 8311K, capacity 8368K, committed 8448K, reserved 1048576K
}
Event: 8.175 GC heap before
{Heap before GC invocations=14 (full 4):
 PSYoungGen      total 114176K, used 104960K [0x00000000f5580000, 0x00000000fd000000, 0x0000000100000000)
  eden space 104960K, 100% used [0x00000000f5580000,0x00000000fbc00000,0x00000000fbc00000)
  from space 9216K, 0% used [0x00000000fbc00000,0x00000000fbc00000,0x00000000fc500000)
  to   space 10240K, 0% used [0x00000000fc600000,0x00000000fc600000,0x00000000fd000000)
 ParOldGen       total 88576K, used 11406K [0x00000000e0000000, 0x00000000e5680000, 0x00000000f5580000)
  object space 88576K, 12% used [0x00000000e0000000,0x00000000e0b23918,0x00000000e5680000)
 Metaspace       used 44924K, capacity 45440K, committed 45696K, reserved 1085440K
  class space    used 8628K, capacity 8746K, committed 8832K, reserved 1048576K
Event: 8.182 GC heap after
Heap after GC invocations=14 (full 4):
 PSYoungGen      total 115712K, used 4954K [0x00000000f5580000, 0x00000000ff480000, 0x0000000100000000)
  eden space 105472K, 0% used [0x00000000f5580000,0x00000000f5580000,0x00000000fbc80000)
  from space 10240K, 48% used [0x00000000fc600000,0x00000000fcad69e0,0x00000000fd000000)
  to   space 9728K, 0% used [0x00000000fbc80000,0x00000000fbc80000,0x00000000fc600000)
 ParOldGen       total 88576K, used 11414K [0x00000000e0000000, 0x00000000e5680000, 0x00000000f5580000)
  object space 88576K, 12% used [0x00000000e0000000,0x00000000e0b25918,0x00000000e5680000)
 Metaspace       used 44924K, capacity 45440K, committed 45696K, reserved 1085440K
  class space    used 8628K, capacity 8746K, committed 8832K, reserved 1048576K
}
Event: 10.163 GC heap before
{Heap before GC invocations=15 (full 4):
 PSYoungGen      total 115712K, used 110426K [0x00000000f5580000, 0x00000000ff480000, 0x0000000100000000)
  eden space 105472K, 100% used [0x00000000f5580000,0x00000000fbc80000,0x00000000fbc80000)
  from space 10240K, 48% used [0x00000000fc600000,0x00000000fcad69e0,0x00000000fd000000)
  to   space 9728K, 0% used [0x00000000fbc80000,0x00000000fbc80000,0x00000000fc600000)
 ParOldGen       total 88576K, used 11414K [0x00000000e0000000, 0x00000000e5680000, 0x00000000f5580000)
  object space 88576K, 12% used [0x00000000e0000000,0x00000000e0b25918,0x00000000e5680000)
 Metaspace       used 62105K, capacity 63252K, committed 63360K, reserved 1101824K
  class space    used 11363K, capacity 11573K, committed 11648K, reserved 1048576K
Event: 10.197 GC heap after
Heap after GC invocations=15 (full 4):
 PSYoungGen      total 115200K, used 9712K [0x00000000f5580000, 0x00000000ffb00000, 0x0000000100000000)
  eden space 105472K, 0% used [0x00000000f5580000,0x00000000f5580000,0x00000000fbc80000)
  from space 9728K, 99% used [0x00000000fbc80000,0x00000000fc5fc050,0x00000000fc600000)
  to   space 19456K, 0% used [0x00000000fe800000,0x00000000fe800000,0x00000000ffb00000)
 ParOldGen       total 88576K, used 33813K [0x00000000e0000000, 0x00000000e5680000, 0x00000000f5580000)
  object space 88576K, 38% used [0x00000000e0000000,0x00000000e21054a0,0x00000000e5680000)
 Metaspace       used 62105K, capacity 63252K, committed 63360K, reserved 1101824K
  class space    used 11363K, capacity 11573K, committed 11648K, reserved 1048576K
}
Event: 11.247 GC heap before
{Heap before GC invocations=16 (full 4):
 PSYoungGen      total 115200K, used 56533K [0x00000000f5580000, 0x00000000ffb00000, 0x0000000100000000)
  eden space 105472K, 44% used [0x00000000f5580000,0x00000000f8339478,0x00000000fbc80000)
  from space 9728K, 99% used [0x00000000fbc80000,0x00000000fc5fc050,0x00000000fc600000)
  to   space 19456K, 0% used [0x00000000fe800000,0x00000000fe800000,0x00000000ffb00000)
 ParOldGen       total 88576K, used 33813K [0x00000000e0000000, 0x00000000e5680000, 0x00000000f5580000)
  object space 88576K, 38% used [0x00000000e0000000,0x00000000e21054a0,0x00000000e5680000)
 Metaspace       used 71421K, capacity 73253K, committed 73388K, reserved 1110016K
  class space    used 12207K, capacity 12444K, committed 12544K, reserved 1048576K
Event: 11.263 GC heap after
Heap after GC invocations=16 (full 4):
 PSYoungGen      total 146432K, used 19438K [0x00000000f5580000, 0x0000000100000000, 0x0000000100000000)
  eden space 126976K, 0% used [0x00000000f5580000,0x00000000f5580000,0x00000000fd180000)
  from space 19456K, 99% used [0x00000000fe800000,0x00000000ffafb9f0,0x00000000ffb00000)
  to   space 23040K, 0% used [0x00000000fd180000,0x00000000fd180000,0x00000000fe800000)
 ParOldGen       total 88576K, used 36375K [0x00000000e0000000, 0x00000000e5680000, 0x00000000f5580000)
  object space 88576K, 41% used [0x00000000e0000000,0x00000000e2385d60,0x00000000e5680000)
 Metaspace       used 71421K, capacity 73253K, committed 73388K, reserved 1110016K
  class space    used 12207K, capacity 12444K, committed 12544K, reserved 1048576K
}
Event: 11.263 GC heap before
{Heap before GC invocations=17 (full 5):
 PSYoungGen      total 146432K, used 19438K [0x00000000f5580000, 0x0000000100000000, 0x0000000100000000)
  eden space 126976K, 0% used [0x00000000f5580000,0x00000000f5580000,0x00000000fd180000)
  from space 19456K, 99% used [0x00000000fe800000,0x00000000ffafb9f0,0x00000000ffb00000)
  to   space 23040K, 0% used [0x00000000fd180000,0x00000000fd180000,0x00000000fe800000)
 ParOldGen       total 88576K, used 36375K [0x00000000e0000000, 0x00000000e5680000, 0x00000000f5580000)
  object space 88576K, 41% used [0x00000000e0000000,0x00000000e2385d60,0x00000000e5680000)
 Metaspace       used 71421K, capacity 73253K, committed 73388K, reserved 1110016K
  class space    used 12207K, capacity 12444K, committed 12544K, reserved 1048576K
Event: 11.462 GC heap after
Heap after GC invocations=17 (full 5):
 PSYoungGen      total 146432K, used 0K [0x00000000f5580000, 0x0000000100000000, 0x0000000100000000)
  eden space 126976K, 0% used [0x00000000f5580000,0x00000000f5580000,0x00000000fd180000)
  from space 19456K, 0% used [0x00000000fe800000,0x00000000fe800000,0x00000000ffb00000)
  to   space 23040K, 0% used [0x00000000fd180000,0x00000000fd180000,0x00000000fe800000)
 ParOldGen       total 88576K, used 43260K [0x00000000e0000000, 0x00000000e5680000, 0x00000000f5580000)
  object space 88576K, 48% used [0x00000000e0000000,0x00000000e2a3f298,0x00000000e5680000)
 Metaspace       used 71037K, capacity 72785K, committed 73388K, reserved 1110016K
  class space    used 12092K, capacity 12308K, committed 12544K, reserved 1048576K
}

